<?xml version="1.0" encoding="UTF-8"?>
<testsuite name="jana.AppTest" tests="1" skipped="0" failures="0" errors="0" timestamp="2018-08-07T05:48:40" hostname="janarthan1" time="0.0">
  <properties/>
  <testcase name="testApp" classname="jana.AppTest" time="0.0"/>
  <system-out><![CDATA[]]></system-out>
  <system-err><![CDATA[]]></system-err>
</testsuite>
